#
# There is insufficient memory for the Java Runtime Environment to continue.
# Native memory allocation (malloc) failed to allocate 542432 bytes for Chunk::new
# Possible reasons:
#   The system is out of physical RAM or swap space
#   In 32 bit mode, the process size limit was hit
# Possible solutions:
#   Reduce memory load on the system
#   Increase physical memory or swap space
#   Check if swap backing store is full
#   Use 64 bit Java on a 64 bit OS
#   Decrease Java heap size (-Xmx/-Xms)
#   Decrease number of Java threads
#   Decrease Java thread stack sizes (-Xss)
#   Set larger code cache with -XX:ReservedCodeCacheSize=
# This output file may be truncated or incomplete.
#
#  Out of Memory Error (allocation.cpp:390), pid=9776, tid=0x000000000000241c
#
# JRE version: Java(TM) SE Runtime Environment (8.0_101-b13) (build 1.8.0_101-b13)
# Java VM: Java HotSpot(TM) 64-Bit Server VM (25.101-b13 mixed mode windows-amd64 compressed oops)
# Failed to write core dump. Minidumps are not enabled by default on client versions of Windows
#

---------------  T H R E A D  ---------------

Current thread (0x0000000019c52000):  JavaThread "C2 CompilerThread1" daemon [_thread_in_native, id=9244, stack(0x000000001a5f0000,0x000000001a6f0000)]

Stack: [0x000000001a5f0000,0x000000001a6f0000]
[error occurred during error reporting (printing stack bounds), id 0xc0000005]

Native frames: (J=compiled Java code, j=interpreted, Vv=VM code, C=native code)


Current CompileTask:
C2:   2986 1585       4       java.net.URLClassLoader$1::run (5 bytes)


---------------  P R O C E S S  ---------------

Java Threads: ( => current thread )
  0x000000001d0d3000 JavaThread "SparkListenerBus" daemon [_thread_blocked, id=11164, stack(0x00000000223c0000,0x00000000224c0000)]
  0x000000001d0d2800 JavaThread "context-cleaner-periodic-gc" daemon [_thread_blocked, id=10324, stack(0x0000000022270000,0x0000000022370000)]
  0x000000001c428000 JavaThread "Spark Context Cleaner" daemon [_thread_blocked, id=10516, stack(0x0000000020930000,0x0000000020a30000)]
  0x000000001c427000 JavaThread "shuffle-server-0" daemon [_thread_in_native, id=7708, stack(0x0000000020ef0000,0x0000000020ff0000)]
  0x000000001c426800 JavaThread "driver-heartbeater" daemon [_thread_blocked, id=10936, stack(0x0000000020cf0000,0x0000000020df0000)]
  0x000000001c425800 JavaThread "dag-scheduler-event-loop" daemon [_thread_blocked, id=7920, stack(0x0000000020bb0000,0x0000000020cb0000)]
  0x000000001c425000 JavaThread "netty-rpc-env-timeout" daemon [_thread_blocked, id=9992, stack(0x0000000020a80000,0x0000000020b80000)]
  0x000000001c424000 JavaThread "Timer-0" daemon [_thread_blocked, id=10384, stack(0x00000000205f0000,0x00000000206f0000)]
  0x000000001c423800 JavaThread "heartbeat-receiver-event-loop-thread" daemon [_thread_blocked, id=10596, stack(0x0000000020340000,0x0000000020440000)]
  0x000000001c422800 JavaThread "SparkUI-43" daemon [_thread_blocked, id=10980, stack(0x00000000204b0000,0x00000000205b0000)]
  0x000000001c422000 JavaThread "SparkUI-42" daemon [_thread_blocked, id=7432, stack(0x00000000200a0000,0x00000000201a0000)]
  0x000000001c421000 JavaThread "SparkUI-41" daemon [_thread_blocked, id=11224, stack(0x00000000201e0000,0x00000000202e0000)]
  0x000000001cca9000 JavaThread "SparkUI-40" daemon [_thread_blocked, id=9508, stack(0x000000001fea0000,0x000000001ffa0000)]
  0x000000001cca8800 JavaThread "SparkUI-39" daemon [_thread_blocked, id=9864, stack(0x000000001ffa0000,0x00000000200a0000)]
  0x000000001cca7800 JavaThread "SparkUI-38-acceptor-0@4f2bda07-ServerConnector@41ec2d92{HTTP/1.1}{0.0.0.0:4040}" daemon [_thread_in_native, id=10840, stack(0x000000001fd70000,0x000000001fe70000)]
  0x000000001cca7000 JavaThread "SparkUI-37-selector-ServerConnectorManager@5176cc34/1" daemon [_thread_in_native, id=10832, stack(0x000000001fad0000,0x000000001fbd0000)]
  0x000000001cca6000 JavaThread "SparkUI-36-selector-ServerConnectorManager@5176cc34/0" daemon [_thread_in_native, id=9984, stack(0x000000001f9d0000,0x000000001fad0000)]
  0x000000001cca4800 JavaThread "map-output-dispatcher-7" daemon [_thread_blocked, id=1152, stack(0x000000001f0e0000,0x000000001f1e0000)]
  0x000000001cca4000 JavaThread "map-output-dispatcher-6" daemon [_thread_blocked, id=7720, stack(0x000000001f6a0000,0x000000001f7a0000)]
  0x000000001cca3000 JavaThread "map-output-dispatcher-5" daemon [_thread_blocked, id=8520, stack(0x000000001f550000,0x000000001f650000)]
  0x000000001cca2800 JavaThread "map-output-dispatcher-4" daemon [_thread_blocked, id=4516, stack(0x000000001f380000,0x000000001f480000)]
  0x000000001cccf000 JavaThread "map-output-dispatcher-3" daemon [_thread_blocked, id=2016, stack(0x000000001f270000,0x000000001f370000)]
  0x000000001cccd000 JavaThread "map-output-dispatcher-2" daemon [_thread_blocked, id=10808, stack(0x000000001efd0000,0x000000001f0d0000)]
  0x000000001cccc800 JavaThread "map-output-dispatcher-1" daemon [_thread_blocked, id=7932, stack(0x000000001eed0000,0x000000001efd0000)]
  0x000000001ccd5000 JavaThread "map-output-dispatcher-0" daemon [_thread_blocked, id=10752, stack(0x000000001edd0000,0x000000001eed0000)]
  0x000000001cc3f000 JavaThread "shuffle-server-0" daemon [_thread_in_native, id=10948, stack(0x000000001ecd0000,0x000000001edd0000)]
  0x000000001c677800 JavaThread "dispatcher-event-loop-3" daemon [_thread_blocked, id=8868, stack(0x000000001e720000,0x000000001e820000)]
  0x000000001c676800 JavaThread "dispatcher-event-loop-2" daemon [_thread_blocked, id=10696, stack(0x000000001ded0000,0x000000001dfd0000)]
  0x000000001c676000 JavaThread "dispatcher-event-loop-1" daemon [_thread_blocked, id=10952, stack(0x000000001e110000,0x000000001e210000)]
  0x000000001c66b800 JavaThread "dispatcher-event-loop-0" daemon [_thread_blocked, id=8628, stack(0x000000001d8b0000,0x000000001d9b0000)]
  0x000000001bc8f000 JavaThread "Monitor Ctrl-Break" daemon [_thread_in_native, id=5232, stack(0x000000001d570000,0x000000001d670000)]
  0x0000000019cd3000 JavaThread "Service Thread" daemon [_thread_blocked, id=10368, stack(0x000000001a190000,0x000000001a290000)]
  0x0000000019c53000 JavaThread "C1 CompilerThread2" daemon [_thread_blocked, id=6688, stack(0x000000001a7e0000,0x000000001a8e0000)]
=>0x0000000019c52000 JavaThread "C2 CompilerThread1" daemon [_thread_in_native, id=9244, stack(0x000000001a5f0000,0x000000001a6f0000)]
  0x0000000019c4c800 JavaThread "C2 CompilerThread0" daemon [_thread_in_native, id=8504, stack(0x000000001a4a0000,0x000000001a5a0000)]
  0x0000000019c33800 JavaThread "Attach Listener" daemon [_thread_blocked, id=10800, stack(0x000000001a340000,0x000000001a440000)]
  0x0000000019c32800 JavaThread "Signal Dispatcher" daemon [_thread_blocked, id=10900, stack(0x000000001a050000,0x000000001a150000)]
  0x00000000186c5800 JavaThread "Finalizer" daemon [_thread_blocked, id=10476, stack(0x0000000019b20000,0x0000000019c20000)]
  0x000000001867e800 JavaThread "Reference Handler" daemon [_thread_blocked, id=10416, stack(0x0000000019930000,0x0000000019a30000)]
  0x00000000025c3000 JavaThread "main" [_thread_in_vm, id=10328, stack(0x0000000002760000,0x0000000002860000)]

Other Threads:
  0x0000000018676800 VMThread [stack: 0x0000000019770000,0x0000000019870000] [id=10712]
  0x0000000019d8b800 WatcherThread [stack: 0x000000001a9e0000,0x000000001aae0000] [id=11124]

VM state:not at safepoint (normal execution)

VM Mutex/Monitor currently owned by a thread: None

Heap:
 PSYoungGen      total 80896K, used 34874K [0x000000078bb80000, 0x0000000791400000, 0x00000007c0000000)
  eden space 73216K, 41% used [0x000000078bb80000,0x000000078d901df8,0x0000000790300000)
  from space 7680K, 60% used [0x0000000790a80000,0x0000000790f0cb00,0x0000000791200000)
  to   space 7680K, 0% used [0x0000000790300000,0x0000000790300000,0x0000000790a80000)
 ParOldGen       total 55296K, used 6251K [0x0000000723200000, 0x0000000726800000, 0x000000078bb80000)
  object space 55296K, 11% used [0x0000000723200000,0x000000072381af68,0x0000000726800000)
 Metaspace       used 28543K, capacity 28758K, committed 29184K, reserved 1077248K
  class space    used 3955K, capacity 4035K, committed 4096K, reserved 1048576K

Card table byte_map: [0x0000000011c20000,0x0000000012110000] byte_map_base: 0x000000000e307000

Marking Bits: (ParMarkBitMap*) 0x00000000624ea6d0
 Begin Bits: [0x0000000012980000, 0x00000000150b8000)
 End Bits:   [0x00000000150b8000, 0x00000000177f0000)

Polling page: 0x0000000000230000

CodeCache: size=245760Kb used=5655Kb max_used=5655Kb free=240104Kb
 bounds [0x0000000002860000, 0x0000000002df0000, 0x0000000011860000]
 total_blobs=2120 nmethods=1670 adapters=362
 compilation: enabled

Compilation events (10 events):
Event: 2.932 Thread 0x0000000019c53000 nmethod 1665 0x0000000002dd7a90 code [0x0000000002dd83e0, 0x0000000002ddeda8]
Event: 2.932 Thread 0x0000000019c4c800 1666       4       java.lang.String::toUpperCase (439 bytes)
Event: 2.941 Thread 0x0000000019c53000 1669       3       java.lang.Math::min (46 bytes)
Event: 2.941 Thread 0x0000000019c53000 nmethod 1669 0x0000000002de3ed0 code [0x0000000002de4040, 0x0000000002de4390]
Event: 2.941 Thread 0x0000000019c53000 1670       1       java.security.Permission::getName (5 bytes)
Event: 2.941 Thread 0x0000000019c53000 nmethod 1670 0x0000000002de4410 code [0x0000000002de4560, 0x0000000002de4670]
Event: 2.944 Thread 0x0000000019c4c800 nmethod 1666 0x0000000002de7e90 code [0x0000000002de8020, 0x0000000002de8bb8]
Event: 2.944 Thread 0x0000000019c4c800 1668       4       java.util.jar.Attributes$Name::hashCode (24 bytes)
Event: 2.947 Thread 0x0000000019c4c800 nmethod 1668 0x0000000002de4990 code [0x0000000002de4ae0, 0x0000000002de4dd8]
Event: 2.960 Thread 0x0000000019c4c800 1671   !   4       java.net.URLClassLoader$1::run (63 bytes)

GC Heap History (10 events):
Event: 1.712 GC heap before
{Heap before GC invocations=3 (full 0):
 PSYoungGen      total 47104K, used 46538K [0x000000078bb80000, 0x000000078f000000, 0x00000007c0000000)
  eden space 40448K, 100% used [0x000000078bb80000,0x000000078e300000,0x000000078e300000)
  from space 6656K, 91% used [0x000000078e980000,0x000000078ef72960,0x000000078f000000)
  to   space 6656K, 0% used [0x000000078e300000,0x000000078e300000,0x000000078e980000)
 ParOldGen       total 108032K, used 317K [0x0000000723200000, 0x0000000729b80000, 0x000000078bb80000)
  object space 108032K, 0% used [0x0000000723200000,0x000000072324f5a8,0x0000000729b80000)
 Metaspace       used 17823K, capacity 17982K, committed 18304K, reserved 1064960K
  class space    used 2505K, capacity 2579K, committed 2688K, reserved 1048576K
Event: 1.764 GC heap after
Heap after GC invocations=3 (full 0):
 PSYoungGen      total 47104K, used 6285K [0x000000078bb80000, 0x000000078f000000, 0x00000007c0000000)
  eden space 40448K, 0% used [0x000000078bb80000,0x000000078bb80000,0x000000078e300000)
  from space 6656K, 94% used [0x000000078e300000,0x000000078e923538,0x000000078e980000)
  to   space 6656K, 0% used [0x000000078e980000,0x000000078e980000,0x000000078f000000)
 ParOldGen       total 108032K, used 325K [0x0000000723200000, 0x0000000729b80000, 0x000000078bb80000)
  object space 108032K, 0% used [0x0000000723200000,0x00000007232515a8,0x0000000729b80000)
 Metaspace       used 17823K, capacity 17982K, committed 18304K, reserved 1064960K
  class space    used 2505K, capacity 2579K, committed 2688K, reserved 1048576K
}
Event: 2.218 GC heap before
{Heap before GC invocations=4 (full 0):
 PSYoungGen      total 47104K, used 37585K [0x000000078bb80000, 0x000000078f000000, 0x00000007c0000000)
  eden space 40448K, 77% used [0x000000078bb80000,0x000000078da11280,0x000000078e300000)
  from space 6656K, 94% used [0x000000078e300000,0x000000078e923538,0x000000078e980000)
  to   space 6656K, 0% used [0x000000078e980000,0x000000078e980000,0x000000078f000000)
 ParOldGen       total 108032K, used 325K [0x0000000723200000, 0x0000000729b80000, 0x000000078bb80000)
  object space 108032K, 0% used [0x0000000723200000,0x00000007232515a8,0x0000000729b80000)
 Metaspace       used 20843K, capacity 20996K, committed 21296K, reserved 1067008K
  class space    used 2898K, capacity 2944K, committed 2944K, reserved 1048576K
Event: 2.228 GC heap after
Heap after GC invocations=4 (full 0):
 PSYoungGen      total 47104K, used 6399K [0x000000078bb80000, 0x000000078f000000, 0x00000007c0000000)
  eden space 40448K, 0% used [0x000000078bb80000,0x000000078bb80000,0x000000078e300000)
  from space 6656K, 96% used [0x000000078e980000,0x000000078efbfe70,0x000000078f000000)
  to   space 6656K, 0% used [0x000000078e300000,0x000000078e300000,0x000000078e980000)
 ParOldGen       total 108032K, used 333K [0x0000000723200000, 0x0000000729b80000, 0x000000078bb80000)
  object space 108032K, 0% used [0x0000000723200000,0x00000007232535a8,0x0000000729b80000)
 Metaspace       used 20843K, capacity 20996K, committed 21296K, reserved 1067008K
  class space    used 2898K, capacity 2944K, committed 2944K, reserved 1048576K
}
Event: 2.228 GC heap before
{Heap before GC invocations=5 (full 1):
 PSYoungGen      total 47104K, used 6399K [0x000000078bb80000, 0x000000078f000000, 0x00000007c0000000)
  eden space 40448K, 0% used [0x000000078bb80000,0x000000078bb80000,0x000000078e300000)
  from space 6656K, 96% used [0x000000078e980000,0x000000078efbfe70,0x000000078f000000)
  to   space 6656K, 0% used [0x000000078e300000,0x000000078e300000,0x000000078e980000)
 ParOldGen       total 108032K, used 333K [0x0000000723200000, 0x0000000729b80000, 0x000000078bb80000)
  object space 108032K, 0% used [0x0000000723200000,0x00000007232535a8,0x0000000729b80000)
 Metaspace       used 20843K, capacity 20996K, committed 21296K, reserved 1067008K
  class space    used 2898K, capacity 2944K, committed 2944K, reserved 1048576K
Event: 2.249 GC heap after
Heap after GC invocations=5 (full 1):
 PSYoungGen      total 47104K, used 0K [0x000000078bb80000, 0x000000078f000000, 0x00000007c0000000)
  eden space 40448K, 0% used [0x000000078bb80000,0x000000078bb80000,0x000000078e300000)
  from space 6656K, 0% used [0x000000078e980000,0x000000078e980000,0x000000078f000000)
  to   space 6656K, 0% used [0x000000078e300000,0x000000078e300000,0x000000078e980000)
 ParOldGen       total 55296K, used 6251K [0x0000000723200000, 0x0000000726800000, 0x000000078bb80000)
  object space 55296K, 11% used [0x0000000723200000,0x000000072381af68,0x0000000726800000)
 Metaspace       used 20843K, capacity 20996K, committed 21296K, reserved 1067008K
  class space    used 2898K, capacity 2944K, committed 2944K, reserved 1048576K
}
Event: 2.466 GC heap before
{Heap before GC invocations=6 (full 1):
 PSYoungGen      total 47104K, used 40448K [0x000000078bb80000, 0x000000078f000000, 0x00000007c0000000)
  eden space 40448K, 100% used [0x000000078bb80000,0x000000078e300000,0x000000078e300000)
  from space 6656K, 0% used [0x000000078e980000,0x000000078e980000,0x000000078f000000)
  to   space 6656K, 0% used [0x000000078e300000,0x000000078e300000,0x000000078e980000)
 ParOldGen       total 55296K, used 6251K [0x0000000723200000, 0x0000000726800000, 0x000000078bb80000)
  object space 55296K, 11% used [0x0000000723200000,0x000000072381af68,0x0000000726800000)
 Metaspace       used 23361K, capacity 23574K, committed 23936K, reserved 1069056K
  class space    used 3277K, capacity 3331K, committed 3456K, reserved 1048576K
Event: 2.476 GC heap after
Heap after GC invocations=6 (full 1):
 PSYoungGen      total 47104K, used 3321K [0x000000078bb80000, 0x0000000791200000, 0x00000007c0000000)
  eden space 40448K, 0% used [0x000000078bb80000,0x000000078bb80000,0x000000078e300000)
  from space 6656K, 49% used [0x000000078e300000,0x000000078e63e638,0x000000078e980000)
  to   space 7680K, 0% used [0x0000000790a80000,0x0000000790a80000,0x0000000791200000)
 ParOldGen       total 55296K, used 6251K [0x0000000723200000, 0x0000000726800000, 0x000000078bb80000)
  object space 55296K, 11% used [0x0000000723200000,0x000000072381af68,0x0000000726800000)
 Metaspace       used 23361K, capacity 23574K, committed 23936K, reserved 1069056K
  class space    used 3277K, capacity 3331K, committed 3456K, reserved 1048576K
}
Event: 2.776 GC heap before
{Heap before GC invocations=7 (full 1):
 PSYoungGen      total 47104K, used 43769K [0x000000078bb80000, 0x0000000791200000, 0x00000007c0000000)
  eden space 40448K, 100% used [0x000000078bb80000,0x000000078e300000,0x000000078e300000)
  from space 6656K, 49% used [0x000000078e300000,0x000000078e63e638,0x000000078e980000)
  to   space 7680K, 0% used [0x0000000790a80000,0x0000000790a80000,0x0000000791200000)
 ParOldGen       total 55296K, used 6251K [0x0000000723200000, 0x0000000726800000, 0x000000078bb80000)
  object space 55296K, 11% used [0x0000000723200000,0x000000072381af68,0x0000000726800000)
 Metaspace       used 26635K, capacity 26838K, committed 27136K, reserved 1073152K
  class space    used 3701K, capacity 3779K, committed 3840K, reserved 1048576K
Event: 2.809 GC heap after
Heap after GC invocations=7 (full 1):
 PSYoungGen      total 80896K, used 4658K [0x000000078bb80000, 0x0000000791400000, 0x00000007c0000000)
  eden space 73216K, 0% used [0x000000078bb80000,0x000000078bb80000,0x0000000790300000)
  from space 7680K, 60% used [0x0000000790a80000,0x0000000790f0cb00,0x0000000791200000)
  to   space 7680K, 0% used [0x0000000790300000,0x0000000790300000,0x0000000790a80000)
 ParOldGen       total 55296K, used 6251K [0x0000000723200000, 0x0000000726800000, 0x000000078bb80000)
  object space 55296K, 11% used [0x0000000723200000,0x000000072381af68,0x0000000726800000)
 Metaspace       used 26635K, capacity 26838K, committed 27136K, reserved 1073152K
  class space    used 3701K, capacity 3779K, committed 3840K, reserved 1048576K
}

Deoptimization events (10 events):
Event: 0.927 Thread 0x00000000025c3000 Uncommon trap: reason=unstable_if action=reinterpret pc=0x0000000002aeda44 method=java.util.HashMap.getNode(ILjava/lang/Object;)Ljava/util/HashMap$Node; @ 62
Event: 0.927 Thread 0x00000000025c3000 Uncommon trap: reason=unstable_if action=reinterpret pc=0x0000000002aa20d8 method=java.util.HashMap.getNode(ILjava/lang/Object;)Ljava/util/HashMap$Node; @ 62
Event: 1.143 Thread 0x00000000025c3000 Uncommon trap: reason=unstable_if action=reinterpret pc=0x0000000002b27d60 method=java.io.WinNTFileSystem.normalize(Ljava/lang/String;)Ljava/lang/String; @ 128
Event: 1.210 Thread 0x00000000025c3000 Uncommon trap: reason=unstable_if action=reinterpret pc=0x0000000002b77ef0 method=org.apache.xerces.impl.XMLEntityScanner.scanContent(Lorg/apache/xerces/xni/XMLString;)I @ 461
Event: 1.231 Thread 0x00000000025c3000 Uncommon trap: reason=unstable_if action=reinterpret pc=0x0000000002a08608 method=java.lang.AbstractStringBuilder.append(Ljava/lang/String;)Ljava/lang/AbstractStringBuilder; @ 1
Event: 2.093 Thread 0x00000000025c3000 Uncommon trap: reason=unstable_if action=reinterpret pc=0x0000000002ca3aec method=java.io.WinNTFileSystem.normalizePrefix(Ljava/lang/String;ILjava/lang/StringBuffer;)I @ 62
Event: 2.103 Thread 0x00000000025c3000 Uncommon trap: reason=unstable_if action=reinterpret pc=0x0000000002c4bcbc method=java.util.concurrent.ConcurrentHashMap.putVal(Ljava/lang/Object;Ljava/lang/Object;Z)Ljava/lang/Object; @ 206
Event: 2.363 Thread 0x00000000025c3000 Uncommon trap: reason=unstable_if action=reinterpret pc=0x0000000002c50014 method=java.util.jar.Manifest$FastInputStream.readLine([BII)I @ 87
Event: 2.378 Thread 0x00000000025c3000 Uncommon trap: reason=unstable_if action=reinterpret pc=0x0000000002d42cb8 method=java.lang.ClassLoader.checkName(Ljava/lang/String;)Z @ 20
Event: 2.378 Thread 0x00000000025c3000 Uncommon trap: reason=unstable_if action=reinterpret pc=0x0000000002b7cd30 method=java.lang.ClassLoader.checkName(Ljava/lang/String;)Z @ 20

Internal exceptions (10 events):
Event: 1.138 Thread 0x00000000025c3000 Exception <a 'java/io/FileNotFoundException'> (0x000000078d5eb090) thrown at [C:\re\workspace\8-2-build-windows-amd64-cygwin\jdk8u101\7261\hotspot\src\share\vm\prims\jni.cpp, line 709]
Event: 1.138 Thread 0x00000000025c3000 Exception <a 'java/security/PrivilegedActionException'> (0x000000078d5eb650) thrown at [C:\re\workspace\8-2-build-windows-amd64-cygwin\jdk8u101\7261\hotspot\src\share\vm\prims\jvm.cpp, line 1386]
Event: 1.138 Thread 0x00000000025c3000 Exception <a 'java/lang/reflect/InvocationTargetException'> (0x000000078d5ed758) thrown at [C:\re\workspace\8-2-build-windows-amd64-cygwin\jdk8u101\7261\hotspot\src\share\vm\runtime\reflection.cpp, line 1092]
Event: 1.231 Thread 0x00000000025c3000 Implicit null exception at 0x0000000002a08296 to 0x0000000002a085f1
Event: 1.544 Thread 0x00000000025c3000 Exception <a 'java/lang/ArrayIndexOutOfBoundsException'> (0x000000078d21e488) thrown at [C:\re\workspace\8-2-build-windows-amd64-cygwin\jdk8u101\7261\hotspot\src\share\vm\runtime\sharedRuntime.cpp, line 605]
Event: 1.544 Thread 0x00000000025c3000 Exception <a 'java/lang/ArrayIndexOutOfBoundsException'> (0x000000078d21f8d0) thrown at [C:\re\workspace\8-2-build-windows-amd64-cygwin\jdk8u101\7261\hotspot\src\share\vm\runtime\sharedRuntime.cpp, line 605]
Event: 1.614 Thread 0x00000000025c3000 Exception <a 'java/lang/NoSuchFieldError': method resolution failed> (0x000000078d6bb618) thrown at [C:\re\workspace\8-2-build-windows-amd64-cygwin\jdk8u101\7261\hotspot\src\share\vm\prims\methodHandles.cpp, line 1146]
Event: 1.615 Thread 0x00000000025c3000 Exception <a 'java/lang/NoSuchFieldError': method resolution failed> (0x000000078d6c8cd8) thrown at [C:\re\workspace\8-2-build-windows-amd64-cygwin\jdk8u101\7261\hotspot\src\share\vm\prims\methodHandles.cpp, line 1146]
Event: 1.682 Thread 0x00000000025c3000 Exception <a 'java/lang/ArrayIndexOutOfBoundsException'> (0x000000078ddcfea0) thrown at [C:\re\workspace\8-2-build-windows-amd64-cygwin\jdk8u101\7261\hotspot\src\share\vm\runtime\sharedRuntime.cpp, line 605]
Event: 1.682 Thread 0x00000000025c3000 Exception <a 'java/lang/ArrayIndexOutOfBoundsException'> (0x000000078ddd0eb8) thrown at [C:\re\workspace\8-2-build-windows-amd64-cygwin\jdk8u101\7261\hotspot\src\share\vm\runtime\sharedRuntime.cpp, line 605]

Events (10 events):
Event: 2.968 loading class org/apache/spark/sql/types/BooleanType$
Event: 2.968 loading class org/apache/spark/sql/types/BooleanType$ done
Event: 2.968 loading class org/apache/spark/sql/types/BooleanType
Event: 2.968 loading class org/apache/spark/sql/types/BooleanType done
Event: 2.969 loading class org/apache/spark/sql/types/BinaryType$
Event: 2.969 loading class org/apache/spark/sql/types/BinaryType$ done
Event: 2.969 loading class org/apache/spark/sql/types/BinaryType
Event: 2.969 loading class org/apache/spark/sql/types/BinaryType done
Event: 2.969 loading class org/apache/spark/sql/types/ArrayType
Event: 2.969 loading class org/apache/spark/sql/types/ArrayType done


Dynamic libraries:
0x000000013fd40000 - 0x000000013fd77000 	C:\Program Files\Java\jdk1.8.0_101\bin\java.exe
0x0000000077460000 - 0x000000007760a000 	C:\Windows\SYSTEM32\ntdll.dll
0x0000000077240000 - 0x000000007735f000 	C:\Windows\system32\kernel32.dll
0x000007fefd020000 - 0x000007fefd08a000 	C:\Windows\system32\KERNELBASE.dll
0x000007feff570000 - 0x000007feff64b000 	C:\Windows\system32\ADVAPI32.dll
0x000007fefedb0000 - 0x000007fefee4f000 	C:\Windows\system32\msvcrt.dll
0x000007fefe370000 - 0x000007fefe38f000 	C:\Windows\SYSTEM32\sechost.dll
0x000007fefd4b0000 - 0x000007fefd5dd000 	C:\Windows\system32\RPCRT4.dll
0x0000000077360000 - 0x000000007745a000 	C:\Windows\system32\USER32.dll
0x000007feff500000 - 0x000007feff567000 	C:\Windows\system32\GDI32.dll
0x000007fefe500000 - 0x000007fefe50e000 	C:\Windows\system32\LPK.dll
0x000007feff650000 - 0x000007feff71a000 	C:\Windows\system32\USP10.dll
0x000007fefb890000 - 0x000007fefba84000 	C:\Windows\WinSxS\amd64_microsoft.windows.common-controls_6595b64144ccf1df_6.0.7601.18837_none_fa3b1e3d17594757\COMCTL32.dll
0x000007feff350000 - 0x000007feff3c1000 	C:\Windows\system32\SHLWAPI.dll
0x000007fefe9e0000 - 0x000007fefea0e000 	C:\Windows\system32\IMM32.DLL
0x000007feff0e0000 - 0x000007feff1e9000 	C:\Windows\system32\MSCTF.dll
0x0000000077860000 - 0x0000000077932000 	C:\Program Files\Java\jdk1.8.0_101\jre\bin\msvcr100.dll
0x0000000061cd0000 - 0x000000006256a000 	C:\Program Files\Java\jdk1.8.0_101\jre\bin\server\jvm.dll
0x000007fef9a40000 - 0x000007fef9a49000 	C:\Windows\system32\WSOCK32.dll
0x000007feff720000 - 0x000007feff76d000 	C:\Windows\system32\WS2_32.dll
0x000007feff4f0000 - 0x000007feff4f8000 	C:\Windows\system32\NSI.dll
0x000007fefd3d0000 - 0x000007fefd40b000 	C:\Windows\system32\WINMM.dll
0x000007fefc150000 - 0x000007fefc15c000 	C:\Windows\system32\VERSION.dll
0x0000000077630000 - 0x0000000077637000 	C:\Windows\system32\PSAPI.DLL
0x0000000063fe0000 - 0x0000000063fef000 	C:\Program Files\Java\jdk1.8.0_101\jre\bin\verify.dll
0x0000000061ca0000 - 0x0000000061cc9000 	C:\Program Files\Java\jdk1.8.0_101\jre\bin\java.dll
0x0000000063fc0000 - 0x0000000063fd6000 	C:\Program Files\Java\jdk1.8.0_101\jre\bin\zip.dll
0x000007fefd5e0000 - 0x000007fefe36a000 	C:\Windows\system32\SHELL32.dll
0x000007fefea10000 - 0x000007fefec13000 	C:\Windows\system32\ole32.dll
0x000007fefcfc0000 - 0x000007fefcfcf000 	C:\Windows\system32\profapi.dll
0x000007fefad70000 - 0x000007fefad80000 	E:\Program Files (x86)\JetBrains\IntelliJ IDEA Community Edition 2016.3\bin\breakgen64.dll
0x0000000061c30000 - 0x0000000061c4a000 	C:\Program Files\Java\jdk1.8.0_101\jre\bin\net.dll
0x000007fefc160000 - 0x000007fefc176000 	C:\Windows\system32\PrxerDrv.dll
0x000007fefc750000 - 0x000007fefc7a5000 	C:\Windows\system32\mswsock.dll
0x000007fefc740000 - 0x000007fefc747000 	C:\Windows\System32\wship6.dll
0x0000000061c00000 - 0x0000000061c0d000 	C:\Program Files\Java\jdk1.8.0_101\jre\bin\management.dll
0x0000000058c30000 - 0x0000000058c39000 	C:\Program Files\Java\jdk1.8.0_101\jre\bin\w2k_lsa_auth.dll
0x000007fefcd40000 - 0x000007fefcd4b000 	C:\Windows\system32\Secur32.dll
0x000007fefcd80000 - 0x000007fefcda5000 	C:\Windows\system32\SSPICLI.DLL
0x0000000077950000 - 0x0000000077959000 	C:\Program Files\Java\jdk1.8.0_101\jre\bin\jaas_nt.dll
0x000007fefaf60000 - 0x000007fefaf75000 	C:\Windows\system32\NLAapi.dll
0x000007fef79d0000 - 0x000007fef79e5000 	C:\Windows\system32\napinsp.dll
0x000007fef79b0000 - 0x000007fef79c9000 	C:\Windows\system32\pnrpnsp.dll
0x000007fef79a0000 - 0x000007fef79ab000 	C:\Windows\System32\winrnr.dll
0x000000006fc40000 - 0x000000006fc66000 	C:\Program Files\Bonjour\mdnsNSP.dll
0x000007fefa860000 - 0x000007fefa887000 	C:\Windows\system32\Iphlpapi.DLL
0x000007fefa6b0000 - 0x000007fefa6bb000 	C:\Windows\system32\WINNSI.DLL
0x000007fef7980000 - 0x000007fef7992000 	C:\Windows\system32\PrxerNsp.dll
0x000007fefc5d0000 - 0x000007fefc62b000 	C:\Windows\system32\DNSAPI.dll
0x000007fefc140000 - 0x000007fefc147000 	C:\Windows\System32\wshtcpip.dll
0x000007fef7970000 - 0x000007fef7978000 	C:\Windows\system32\rasadhlp.dll
0x000007fefa570000 - 0x000007fefa5c3000 	C:\Windows\System32\fwpuclnt.dll
0x0000000061c10000 - 0x0000000061c21000 	C:\Program Files\Java\jdk1.8.0_101\jre\bin\nio.dll
0x000007fefc7b0000 - 0x000007fefc7c8000 	C:\Windows\system32\CRYPTSP.dll
0x000007fefc4b0000 - 0x000007fefc4f7000 	C:\Windows\system32\rsaenh.dll
0x000007fefd250000 - 0x000007fefd26e000 	C:\Windows\system32\USERENV.dll
0x000007fefce10000 - 0x000007fefce1f000 	C:\Windows\system32\CRYPTBASE.dll
0x000007fefa540000 - 0x000007fefa551000 	C:\Windows\system32\dhcpcsvc6.DLL
0x000007fefa520000 - 0x000007fefa538000 	C:\Windows\system32\dhcpcsvc.DLL

VM Arguments:
jvm_args: -Didea.launcher.port=7533 -Didea.launcher.bin.path=E:\Program Files (x86)\JetBrains\IntelliJ IDEA Community Edition 2016.3\bin -Dfile.encoding=UTF-8 
java_command: com.intellij.rt.execution.application.AppMain Test
java_class_path (initial): C:\Program Files\Java\jdk1.8.0_101\jre\lib\charsets.jar;C:\Program Files\Java\jdk1.8.0_101\jre\lib\deploy.jar;C:\Program Files\Java\jdk1.8.0_101\jre\lib\ext\access-bridge-64.jar;C:\Program Files\Java\jdk1.8.0_101\jre\lib\ext\cldrdata.jar;C:\Program Files\Java\jdk1.8.0_101\jre\lib\ext\dnsns.jar;C:\Program Files\Java\jdk1.8.0_101\jre\lib\ext\jaccess.jar;C:\Program Files\Java\jdk1.8.0_101\jre\lib\ext\jfxrt.jar;C:\Program Files\Java\jdk1.8.0_101\jre\lib\ext\localedata.jar;C:\Program Files\Java\jdk1.8.0_101\jre\lib\ext\nashorn.jar;C:\Program Files\Java\jdk1.8.0_101\jre\lib\ext\sunec.jar;C:\Program Files\Java\jdk1.8.0_101\jre\lib\ext\sunjce_provider.jar;C:\Program Files\Java\jdk1.8.0_101\jre\lib\ext\sunmscapi.jar;C:\Program Files\Java\jdk1.8.0_101\jre\lib\ext\sunpkcs11.jar;C:\Program Files\Java\jdk1.8.0_101\jre\lib\ext\zipfs.jar;C:\Program Files\Java\jdk1.8.0_101\jre\lib\javaws.jar;C:\Program Files\Java\jdk1.8.0_101\jre\lib\jce.jar;C:\Program Files\Java\jdk1.8.0_101\jre\lib\jfr.jar;C:\Program Files\Java\jdk1.8.0_101\jre\lib\jfxswt.jar;C:\Program Files\Java\jdk1.8.0_101\jre\lib\jsse.jar;C:\Program Files\Java\jdk1.8.0_101\jre\lib\management-agent.jar;C:\Program Files\Java\jdk1.8.0_101\jre\lib\plugin.jar;C:\Program Files\Java\jdk1.8.0_101\jre\lib\resources.jar;C:\Program Files\Java\jdk1.8.0_101\jre\lib\rt.jar;D:\hivetoes\hivetoes\target\scala-2.11\classes;C:\Users\Administrator\.ivy2\cache\org.scala-lang\scala-library\jars\scala-library-2.11.8.jar;C:\Users\Administrator\.ivy2\cache\com.github.scopt\scopt_2.11\jars\scopt_2.11-3.2.0.jar;E:\Downloads\spark-2.0.2-bin-hadoop2.7\jars\xz-1.0.jar;E:\Downloads\spark-2.0.2-bin-hadoop2.7\jars\jta-1.1.jar;E:\Downloads\spark-2.0.2-bin-hadoop2.7\jars\jpam-1.1.jar;E:\Downloads\spark-2.0.2-bin-hadoop2.7\jars\guice-3.0.jar;E:\Downloads\spark-2.0.2-bin-hadoop2.7\jars\ivy-2.4.0.jar;E:\Downloads\spark-2.0.2-bin-hadoop2.7\jars\lz4-1.3.0.jar;E:\Downloads\spark-2.0.2-bin-hadoop2.7\jars\oro-2.0.8.jar;E:\Downloads\spark-
Launcher Type: SUN_STANDARD

Environment Variables:
JAVA_HOME=C:\Program Files\Java\jdk1.8.0_101
CLASSPATH=.;C:\Program Files\Java\jdk1.8.0_101\lib;C:\Program Files\Java\jdk1.8.0_101/jre/lib/
PATH=C:\Program Files\TortoiseGit\bin;C:\Program Files (x86)\nodejs\;D:\apache-maven-3.3.9\bin;C:\Program Files\Java\jdk1.8.0_101\bin;C:\Program Files\Java\jdk1.8.0_101\jre\bin;D:\app\Administrator\product\11.2.0\client_1\bin;C:\ProgramData\Oracle\Java\javapath;C:\Windows\system32;C:\Windows;C:\Windows\System32\Wbem;C:\Windows\System32\WindowsPowerShell\v1.0\;C:\Python27;D:\hadoop\apache-ant-1.7.1\bin;C:\cygwin\home\Administrator\hadoop-1.0.0\bin;C:\Program Files\TortoiseSVN\bin;C:\PROGRA~2\Groovy\GROOVY~1.7\bin;E:\Program Files (x86)\GnuWin32\bin;E:\Program Files (x86)\sbt\bin;D:\Git\sbt\sbt-launcher-packaging-0.13.13\bin;E:\Program Files (x86)\scala\bin;E:\Program Files\Anaconda3;E:\Program Files\Anaconda3\Scripts;E:\Program Files\Anaconda3\Library\bin
USERNAME=Administrator
OS=Windows_NT
PROCESSOR_IDENTIFIER=Intel64 Family 6 Model 58 Stepping 9, GenuineIntel



---------------  S Y S T E M  ---------------

OS: Windows 7 , 64 bit Build 7601 (6.1.7601.23418)

CPU:total 4 (4 cores per cpu, 1 threads per core) family 6 model 58 stepping 9, cmov, cx8, fxsr, mmx, sse, sse2, sse3, ssse3, sse4.1, sse4.2, popcnt, avx, aes, clmul, erms, tsc, tscinvbit, tscinv

Memory: 4k page, physical 10276796k(832828k free), swap 12896376k(5160k free)

vm_info: Java HotSpot(TM) 64-Bit Server VM (25.101-b13) for windows-amd64 JRE (1.8.0_101-b13), built on Jun 22 2016 01:21:29 by "java_re" with MS VC++ 10.0 (VS2010)

time: Tue Apr 18 16:07:15 2017
elapsed time: 3 seconds (0d 0h 0m 3s)

